2023-06-27 20:20:20,137 - log.py[38] - DEBUG: entry file content: ---------------------------------
2023-06-27 20:20:20,137 - log.py[39] - DEBUG: 
import os
os.environ["CUDA_VISIBLE_DEVICES"] = "0"

from legodnn.utils.dl.common.env import set_random_seed
set_random_seed(0)

import sys
sys.setrecursionlimit(100000) # 最大随机深度（与资源占用有关）
import torch

from legodnn import BlockExtractor, BlockTrainer, ServerBlockProfiler, EdgeBlockProfiler, OptimalRuntime
from legodnn.gen_series_legodnn_models import gen_series_legodnn_models
from legodnn.block_detection.model_topology_extraction import topology_extraction  # 构建模型拓扑结构
from legodnn.presets.auto_block_manager import AutoBlockManager
from legodnn.presets.common_detection_manager_1204_new import CommonDetectionManager
from legodnn.model_manager.common_model_manager import CommonModelManager  # AbstractModelManager的实现
from legodnn.utils.common.file import experiments_model_file_path
from legodnn.utils.dl.common.model import get_module, set_module, get_model_size

from cv_task.datasets.image_classification.cifar_dataloader import CIFAR10Dataloader, CIFAR100Dataloader
from cv_task.image_classification.cifar.models import resnet18
from cv_task.image_classification.cifar.legodnn_configs import get_cifar100_train_config_200e
dataset_root_dir = '/home/marcus/newspace/datasets'

if __name__ == '__main__':
    cv_task = 'image_classification'
    dataset_name = 'cifar100'
    model_name = 'resnet18'
    method = 'legodnn'
    device = 'cuda'
    compress_layer_max_ratio = 0.125  # 最大压缩比？？？
    model_input_size = (1, 3, 32, 32)
    
    block_sparsity = [0.0, 0.2, 0.4, 0.6, 0.8]
    root_path = os.path.join('results/legodnn', cv_task, model_name+'_'+dataset_name + '_' + str(compress_layer_max_ratio).replace('.', '-'))

    compressed_blocks_dir_path = root_path + '/compressed'  # 压缩后的block
    trained_blocks_dir_path = root_path + '/trained'  # 训练过的block
    descendant_models_dir_path = root_path + '/descendant'  # 后代block
    block_training_max_epoch = 65
    test_sample_num = 100
    
    checkpoint = None
    teacher_model = resnet18(num_classes=100).to(device)
    # teacher_model.load_state_dict(torch.load(checkpoint)['net'])  # 权重导入（初次训练没有）

    print('\033[1;36m-------------------------------->    BUILD LEGODNN GRAPH\033[0m')  # 构建拓扑结构
    model_graph = topology_extraction(teacher_model, model_input_size, device=device, mode='unpack')  # pack/unpack
    model_graph.print_ordered_node()  # 按顺序打印节点
    
    print('\033[1;36m-------------------------------->    START BLOCK DETECTION\033[0m')  # 根据拓扑结构探测block
    detection_manager = CommonDetectionManager(model_graph, max_ratio=compress_layer_max_ratio)
    detection_manager.detection_all_blocks()
    detection_manager.print_all_blocks()

    # modelmanager和blockmanager
    model_manager = CommonModelManager()
    block_manager = AutoBlockManager(block_sparsity, detection_manager, model_manager)
    
    print('\033[1;36m-------------------------------->    START BLOCK EXTRACTION\033[0m')  # block导出
    block_extractor = BlockExtractor(teacher_model, block_manager, compressed_blocks_dir_path, model_input_size, device)
    block_extractor.extract_all_blocks()  # 按稀疏度导出blocks

    print('\033[1;36m-------------------------------->    START BLOCK TRAIN\033[0m')
    train_loader, test_loader = CIFAR100Dataloader(root_dir=dataset_root_dir)
    block_trainer = BlockTrainer(teacher_model, block_manager, model_manager, compressed_blocks_dir_path,
                                 trained_blocks_dir_path, block_training_max_epoch, train_loader, device=device)
    block_trainer.train_all_blocks()

    server_block_profiler = ServerBlockProfiler(teacher_model, block_manager, model_manager,
                                                trained_blocks_dir_path, test_loader, model_input_size, device)
    server_block_profiler.profile_all_blocks()

    edge_block_profiler = EdgeBlockProfiler(block_manager, model_manager, trained_blocks_dir_path, 
                                            test_sample_num, model_input_size, device)
    edge_block_profiler.profile_all_blocks()

    optimal_runtime = OptimalRuntime(trained_blocks_dir_path, model_input_size,
                                     block_manager, model_manager, device)
    model_size_min = get_model_size(torch.load(os.path.join(compressed_blocks_dir_path, 'model_frame.pt')))/1024**2
    model_size_max = get_model_size(teacher_model)/1024**2 + 1
    gen_series_legodnn_models(deadline=100, model_size_search_range=[model_size_min, model_size_max], target_model_num=100, optimal_runtime=optimal_runtime, descendant_models_save_path=descendant_models_dir_path, device=device)
2023-06-27 20:20:20,137 - log.py[40] - DEBUG: entry file content: ---------------------------------
2023-06-27 20:20:26,192 - block_extractor.py[28] - INFO: save pruned block block-0 (sparsity 0.0) in results/legodnn/image_classification/resnet18_cifar100_0-125/compressed/block-0-0.pt
2023-06-27 20:20:26,192 - block_extractor.py[29] - DEBUG: LegoDNNBlock(
  (bn1): BatchNorm2d(64, eps=1e-05, momentum=0.1, affine=True, track_running_stats=True)
  (relu1): ReLU()
  (layer1): ModuleDict(
    (0): ModuleDict(
      (conv1): Conv2d(64, 64, kernel_size=(3, 3), stride=(1, 1), padding=(1, 1), bias=False)
      (bn1): BatchNorm2d(64, eps=1e-05, momentum=0.1, affine=True, track_running_stats=True)
      (relu1): ReLU()
      (conv2): Conv2d(64, 64, kernel_size=(3, 3), stride=(1, 1), padding=(1, 1), bias=False)
      (bn2): BatchNorm2d(64, eps=1e-05, momentum=0.1, affine=True, track_running_stats=True)
    )
  )
)
2023-06-27 20:20:26,464 - block_extractor.py[28] - INFO: save pruned block block-0 (sparsity 0.2) in results/legodnn/image_classification/resnet18_cifar100_0-125/compressed/block-0-2.pt
2023-06-27 20:20:26,464 - block_extractor.py[29] - DEBUG: LegoDNNBlock(
  (bn1): BatchNorm2d(64, eps=1e-05, momentum=0.1, affine=True, track_running_stats=True)
  (relu1): ReLU()
  (layer1): ModuleDict(
    (0): ModuleDict(
      (conv1): Conv2d(64, 52, kernel_size=(3, 3), stride=(1, 1), padding=(1, 1), bias=False)
      (bn1): BatchNorm2d(52, eps=1e-05, momentum=0.1, affine=True, track_running_stats=True)
      (relu1): ReLU()
      (conv2): Conv2d(52, 64, kernel_size=(3, 3), stride=(1, 1), padding=(1, 1), bias=False)
      (bn2): BatchNorm2d(64, eps=1e-05, momentum=0.1, affine=True, track_running_stats=True)
    )
  )
)
2023-06-27 20:20:26,732 - block_extractor.py[28] - INFO: save pruned block block-0 (sparsity 0.4) in results/legodnn/image_classification/resnet18_cifar100_0-125/compressed/block-0-4.pt
2023-06-27 20:20:26,732 - block_extractor.py[29] - DEBUG: LegoDNNBlock(
  (bn1): BatchNorm2d(64, eps=1e-05, momentum=0.1, affine=True, track_running_stats=True)
  (relu1): ReLU()
  (layer1): ModuleDict(
    (0): ModuleDict(
      (conv1): Conv2d(64, 39, kernel_size=(3, 3), stride=(1, 1), padding=(1, 1), bias=False)
      (bn1): BatchNorm2d(39, eps=1e-05, momentum=0.1, affine=True, track_running_stats=True)
      (relu1): ReLU()
      (conv2): Conv2d(39, 64, kernel_size=(3, 3), stride=(1, 1), padding=(1, 1), bias=False)
      (bn2): BatchNorm2d(64, eps=1e-05, momentum=0.1, affine=True, track_running_stats=True)
    )
  )
)
2023-06-27 20:20:27,000 - block_extractor.py[28] - INFO: save pruned block block-0 (sparsity 0.6) in results/legodnn/image_classification/resnet18_cifar100_0-125/compressed/block-0-6.pt
2023-06-27 20:20:27,000 - block_extractor.py[29] - DEBUG: LegoDNNBlock(
  (bn1): BatchNorm2d(64, eps=1e-05, momentum=0.1, affine=True, track_running_stats=True)
  (relu1): ReLU()
  (layer1): ModuleDict(
    (0): ModuleDict(
      (conv1): Conv2d(64, 26, kernel_size=(3, 3), stride=(1, 1), padding=(1, 1), bias=False)
      (bn1): BatchNorm2d(26, eps=1e-05, momentum=0.1, affine=True, track_running_stats=True)
      (relu1): ReLU()
      (conv2): Conv2d(26, 64, kernel_size=(3, 3), stride=(1, 1), padding=(1, 1), bias=False)
      (bn2): BatchNorm2d(64, eps=1e-05, momentum=0.1, affine=True, track_running_stats=True)
    )
  )
)
2023-06-27 20:20:27,266 - block_extractor.py[28] - INFO: save pruned block block-0 (sparsity 0.8) in results/legodnn/image_classification/resnet18_cifar100_0-125/compressed/block-0-8.pt
2023-06-27 20:20:27,267 - block_extractor.py[29] - DEBUG: LegoDNNBlock(
  (bn1): BatchNorm2d(64, eps=1e-05, momentum=0.1, affine=True, track_running_stats=True)
  (relu1): ReLU()
  (layer1): ModuleDict(
    (0): ModuleDict(
      (conv1): Conv2d(64, 13, kernel_size=(3, 3), stride=(1, 1), padding=(1, 1), bias=False)
      (bn1): BatchNorm2d(13, eps=1e-05, momentum=0.1, affine=True, track_running_stats=True)
      (relu1): ReLU()
      (conv2): Conv2d(13, 64, kernel_size=(3, 3), stride=(1, 1), padding=(1, 1), bias=False)
      (bn2): BatchNorm2d(64, eps=1e-05, momentum=0.1, affine=True, track_running_stats=True)
    )
  )
)
2023-06-27 20:20:27,294 - block_extractor.py[28] - INFO: save pruned block block-1 (sparsity 0.0) in results/legodnn/image_classification/resnet18_cifar100_0-125/compressed/block-1-0.pt
2023-06-27 20:20:27,294 - block_extractor.py[29] - DEBUG: LegoDNNBlock(
  (layer1): ModuleDict(
    (0): ModuleDict(
      (relu2): ReLU()
    )
    (1): ModuleDict(
      (conv1): Conv2d(64, 64, kernel_size=(3, 3), stride=(1, 1), padding=(1, 1), bias=False)
      (bn1): BatchNorm2d(64, eps=1e-05, momentum=0.1, affine=True, track_running_stats=True)
      (relu1): ReLU()
      (conv2): Conv2d(64, 64, kernel_size=(3, 3), stride=(1, 1), padding=(1, 1), bias=False)
      (bn2): BatchNorm2d(64, eps=1e-05, momentum=0.1, affine=True, track_running_stats=True)
    )
  )
)
2023-06-27 20:20:27,558 - block_extractor.py[28] - INFO: save pruned block block-1 (sparsity 0.2) in results/legodnn/image_classification/resnet18_cifar100_0-125/compressed/block-1-2.pt
2023-06-27 20:20:27,558 - block_extractor.py[29] - DEBUG: LegoDNNBlock(
  (layer1): ModuleDict(
    (0): ModuleDict(
      (relu2): ReLU()
    )
    (1): ModuleDict(
      (conv1): Conv2d(64, 52, kernel_size=(3, 3), stride=(1, 1), padding=(1, 1), bias=False)
      (bn1): BatchNorm2d(52, eps=1e-05, momentum=0.1, affine=True, track_running_stats=True)
      (relu1): ReLU()
      (conv2): Conv2d(52, 64, kernel_size=(3, 3), stride=(1, 1), padding=(1, 1), bias=False)
      (bn2): BatchNorm2d(64, eps=1e-05, momentum=0.1, affine=True, track_running_stats=True)
    )
  )
)
2023-06-27 20:20:27,841 - block_extractor.py[28] - INFO: save pruned block block-1 (sparsity 0.4) in results/legodnn/image_classification/resnet18_cifar100_0-125/compressed/block-1-4.pt
2023-06-27 20:20:27,841 - block_extractor.py[29] - DEBUG: LegoDNNBlock(
  (layer1): ModuleDict(
    (0): ModuleDict(
      (relu2): ReLU()
    )
    (1): ModuleDict(
      (conv1): Conv2d(64, 39, kernel_size=(3, 3), stride=(1, 1), padding=(1, 1), bias=False)
      (bn1): BatchNorm2d(39, eps=1e-05, momentum=0.1, affine=True, track_running_stats=True)
      (relu1): ReLU()
      (conv2): Conv2d(39, 64, kernel_size=(3, 3), stride=(1, 1), padding=(1, 1), bias=False)
      (bn2): BatchNorm2d(64, eps=1e-05, momentum=0.1, affine=True, track_running_stats=True)
    )
  )
)
2023-06-27 20:20:28,116 - block_extractor.py[28] - INFO: save pruned block block-1 (sparsity 0.6) in results/legodnn/image_classification/resnet18_cifar100_0-125/compressed/block-1-6.pt
2023-06-27 20:20:28,117 - block_extractor.py[29] - DEBUG: LegoDNNBlock(
  (layer1): ModuleDict(
    (0): ModuleDict(
      (relu2): ReLU()
    )
    (1): ModuleDict(
      (conv1): Conv2d(64, 26, kernel_size=(3, 3), stride=(1, 1), padding=(1, 1), bias=False)
      (bn1): BatchNorm2d(26, eps=1e-05, momentum=0.1, affine=True, track_running_stats=True)
      (relu1): ReLU()
      (conv2): Conv2d(26, 64, kernel_size=(3, 3), stride=(1, 1), padding=(1, 1), bias=False)
      (bn2): BatchNorm2d(64, eps=1e-05, momentum=0.1, affine=True, track_running_stats=True)
    )
  )
)
2023-06-27 20:20:28,377 - block_extractor.py[28] - INFO: save pruned block block-1 (sparsity 0.8) in results/legodnn/image_classification/resnet18_cifar100_0-125/compressed/block-1-8.pt
2023-06-27 20:20:28,377 - block_extractor.py[29] - DEBUG: LegoDNNBlock(
  (layer1): ModuleDict(
    (0): ModuleDict(
      (relu2): ReLU()
    )
    (1): ModuleDict(
      (conv1): Conv2d(64, 13, kernel_size=(3, 3), stride=(1, 1), padding=(1, 1), bias=False)
      (bn1): BatchNorm2d(13, eps=1e-05, momentum=0.1, affine=True, track_running_stats=True)
      (relu1): ReLU()
      (conv2): Conv2d(13, 64, kernel_size=(3, 3), stride=(1, 1), padding=(1, 1), bias=False)
      (bn2): BatchNorm2d(64, eps=1e-05, momentum=0.1, affine=True, track_running_stats=True)
    )
  )
)
2023-06-27 20:20:28,407 - block_extractor.py[28] - INFO: save pruned block block-2 (sparsity 0.0) in results/legodnn/image_classification/resnet18_cifar100_0-125/compressed/block-2-0.pt
2023-06-27 20:20:28,407 - block_extractor.py[29] - DEBUG: LegoDNNBlock(
  (layer2): ModuleDict(
    (0): ModuleDict(
      (conv1): Conv2d(64, 128, kernel_size=(3, 3), stride=(2, 2), padding=(1, 1), bias=False)
      (bn1): BatchNorm2d(128, eps=1e-05, momentum=0.1, affine=True, track_running_stats=True)
      (relu1): ReLU()
      (conv2): Conv2d(128, 128, kernel_size=(3, 3), stride=(1, 1), padding=(1, 1), bias=False)
    )
  )
)
2023-06-27 20:20:28,631 - block_extractor.py[28] - INFO: save pruned block block-2 (sparsity 0.2) in results/legodnn/image_classification/resnet18_cifar100_0-125/compressed/block-2-2.pt
2023-06-27 20:20:28,631 - block_extractor.py[29] - DEBUG: LegoDNNBlock(
  (layer2): ModuleDict(
    (0): ModuleDict(
      (conv1): Conv2d(64, 103, kernel_size=(3, 3), stride=(2, 2), padding=(1, 1), bias=False)
      (bn1): BatchNorm2d(103, eps=1e-05, momentum=0.1, affine=True, track_running_stats=True)
      (relu1): ReLU()
      (conv2): Conv2d(103, 128, kernel_size=(3, 3), stride=(1, 1), padding=(1, 1), bias=False)
    )
  )
)
2023-06-27 20:20:28,842 - block_extractor.py[28] - INFO: save pruned block block-2 (sparsity 0.4) in results/legodnn/image_classification/resnet18_cifar100_0-125/compressed/block-2-4.pt
2023-06-27 20:20:28,842 - block_extractor.py[29] - DEBUG: LegoDNNBlock(
  (layer2): ModuleDict(
    (0): ModuleDict(
      (conv1): Conv2d(64, 77, kernel_size=(3, 3), stride=(2, 2), padding=(1, 1), bias=False)
      (bn1): BatchNorm2d(77, eps=1e-05, momentum=0.1, affine=True, track_running_stats=True)
      (relu1): ReLU()
      (conv2): Conv2d(77, 128, kernel_size=(3, 3), stride=(1, 1), padding=(1, 1), bias=False)
    )
  )
)
2023-06-27 20:20:29,061 - block_extractor.py[28] - INFO: save pruned block block-2 (sparsity 0.6) in results/legodnn/image_classification/resnet18_cifar100_0-125/compressed/block-2-6.pt
2023-06-27 20:20:29,061 - block_extractor.py[29] - DEBUG: LegoDNNBlock(
  (layer2): ModuleDict(
    (0): ModuleDict(
      (conv1): Conv2d(64, 52, kernel_size=(3, 3), stride=(2, 2), padding=(1, 1), bias=False)
      (bn1): BatchNorm2d(52, eps=1e-05, momentum=0.1, affine=True, track_running_stats=True)
      (relu1): ReLU()
      (conv2): Conv2d(52, 128, kernel_size=(3, 3), stride=(1, 1), padding=(1, 1), bias=False)
    )
  )
)
2023-06-27 20:20:29,333 - block_extractor.py[28] - INFO: save pruned block block-2 (sparsity 0.8) in results/legodnn/image_classification/resnet18_cifar100_0-125/compressed/block-2-8.pt
2023-06-27 20:20:29,333 - block_extractor.py[29] - DEBUG: LegoDNNBlock(
  (layer2): ModuleDict(
    (0): ModuleDict(
      (conv1): Conv2d(64, 26, kernel_size=(3, 3), stride=(2, 2), padding=(1, 1), bias=False)
      (bn1): BatchNorm2d(26, eps=1e-05, momentum=0.1, affine=True, track_running_stats=True)
      (relu1): ReLU()
      (conv2): Conv2d(26, 128, kernel_size=(3, 3), stride=(1, 1), padding=(1, 1), bias=False)
    )
  )
)
2023-06-27 20:20:29,362 - block_extractor.py[28] - INFO: save pruned block block-3 (sparsity 0.0) in results/legodnn/image_classification/resnet18_cifar100_0-125/compressed/block-3-0.pt
2023-06-27 20:20:29,362 - block_extractor.py[29] - DEBUG: LegoDNNBlock(
  (layer2): ModuleDict(
    (0): ModuleDict(
      (relu2): ReLU()
    )
    (1): ModuleDict(
      (conv1): Conv2d(128, 128, kernel_size=(3, 3), stride=(1, 1), padding=(1, 1), bias=False)
      (bn1): BatchNorm2d(128, eps=1e-05, momentum=0.1, affine=True, track_running_stats=True)
      (relu1): ReLU()
      (conv2): Conv2d(128, 128, kernel_size=(3, 3), stride=(1, 1), padding=(1, 1), bias=False)
      (bn2): BatchNorm2d(128, eps=1e-05, momentum=0.1, affine=True, track_running_stats=True)
    )
  )
)
2023-06-27 20:20:29,627 - block_extractor.py[28] - INFO: save pruned block block-3 (sparsity 0.2) in results/legodnn/image_classification/resnet18_cifar100_0-125/compressed/block-3-2.pt
2023-06-27 20:20:29,627 - block_extractor.py[29] - DEBUG: LegoDNNBlock(
  (layer2): ModuleDict(
    (0): ModuleDict(
      (relu2): ReLU()
    )
    (1): ModuleDict(
      (conv1): Conv2d(128, 103, kernel_size=(3, 3), stride=(1, 1), padding=(1, 1), bias=False)
      (bn1): BatchNorm2d(103, eps=1e-05, momentum=0.1, affine=True, track_running_stats=True)
      (relu1): ReLU()
      (conv2): Conv2d(103, 128, kernel_size=(3, 3), stride=(1, 1), padding=(1, 1), bias=False)
      (bn2): BatchNorm2d(128, eps=1e-05, momentum=0.1, affine=True, track_running_stats=True)
    )
  )
)
2023-06-27 20:20:29,892 - block_extractor.py[28] - INFO: save pruned block block-3 (sparsity 0.4) in results/legodnn/image_classification/resnet18_cifar100_0-125/compressed/block-3-4.pt
2023-06-27 20:20:29,893 - block_extractor.py[29] - DEBUG: LegoDNNBlock(
  (layer2): ModuleDict(
    (0): ModuleDict(
      (relu2): ReLU()
    )
    (1): ModuleDict(
      (conv1): Conv2d(128, 77, kernel_size=(3, 3), stride=(1, 1), padding=(1, 1), bias=False)
      (bn1): BatchNorm2d(77, eps=1e-05, momentum=0.1, affine=True, track_running_stats=True)
      (relu1): ReLU()
      (conv2): Conv2d(77, 128, kernel_size=(3, 3), stride=(1, 1), padding=(1, 1), bias=False)
      (bn2): BatchNorm2d(128, eps=1e-05, momentum=0.1, affine=True, track_running_stats=True)
    )
  )
)
2023-06-27 20:20:30,172 - block_extractor.py[28] - INFO: save pruned block block-3 (sparsity 0.6) in results/legodnn/image_classification/resnet18_cifar100_0-125/compressed/block-3-6.pt
2023-06-27 20:20:30,172 - block_extractor.py[29] - DEBUG: LegoDNNBlock(
  (layer2): ModuleDict(
    (0): ModuleDict(
      (relu2): ReLU()
    )
    (1): ModuleDict(
      (conv1): Conv2d(128, 52, kernel_size=(3, 3), stride=(1, 1), padding=(1, 1), bias=False)
      (bn1): BatchNorm2d(52, eps=1e-05, momentum=0.1, affine=True, track_running_stats=True)
      (relu1): ReLU()
      (conv2): Conv2d(52, 128, kernel_size=(3, 3), stride=(1, 1), padding=(1, 1), bias=False)
      (bn2): BatchNorm2d(128, eps=1e-05, momentum=0.1, affine=True, track_running_stats=True)
    )
  )
)
2023-06-27 20:20:30,442 - block_extractor.py[28] - INFO: save pruned block block-3 (sparsity 0.8) in results/legodnn/image_classification/resnet18_cifar100_0-125/compressed/block-3-8.pt
2023-06-27 20:20:30,442 - block_extractor.py[29] - DEBUG: LegoDNNBlock(
  (layer2): ModuleDict(
    (0): ModuleDict(
      (relu2): ReLU()
    )
    (1): ModuleDict(
      (conv1): Conv2d(128, 26, kernel_size=(3, 3), stride=(1, 1), padding=(1, 1), bias=False)
      (bn1): BatchNorm2d(26, eps=1e-05, momentum=0.1, affine=True, track_running_stats=True)
      (relu1): ReLU()
      (conv2): Conv2d(26, 128, kernel_size=(3, 3), stride=(1, 1), padding=(1, 1), bias=False)
      (bn2): BatchNorm2d(128, eps=1e-05, momentum=0.1, affine=True, track_running_stats=True)
    )
  )
)
2023-06-27 20:20:30,478 - block_extractor.py[28] - INFO: save pruned block block-4 (sparsity 0.0) in results/legodnn/image_classification/resnet18_cifar100_0-125/compressed/block-4-0.pt
2023-06-27 20:20:30,478 - block_extractor.py[29] - DEBUG: LegoDNNBlock(
  (layer3): ModuleDict(
    (0): ModuleDict(
      (conv1): Conv2d(128, 256, kernel_size=(3, 3), stride=(2, 2), padding=(1, 1), bias=False)
      (bn1): BatchNorm2d(256, eps=1e-05, momentum=0.1, affine=True, track_running_stats=True)
      (relu1): ReLU()
      (conv2): Conv2d(256, 256, kernel_size=(3, 3), stride=(1, 1), padding=(1, 1), bias=False)
    )
  )
)
2023-06-27 20:20:30,706 - block_extractor.py[28] - INFO: save pruned block block-4 (sparsity 0.2) in results/legodnn/image_classification/resnet18_cifar100_0-125/compressed/block-4-2.pt
2023-06-27 20:20:30,706 - block_extractor.py[29] - DEBUG: LegoDNNBlock(
  (layer3): ModuleDict(
    (0): ModuleDict(
      (conv1): Conv2d(128, 205, kernel_size=(3, 3), stride=(2, 2), padding=(1, 1), bias=False)
      (bn1): BatchNorm2d(205, eps=1e-05, momentum=0.1, affine=True, track_running_stats=True)
      (relu1): ReLU()
      (conv2): Conv2d(205, 256, kernel_size=(3, 3), stride=(1, 1), padding=(1, 1), bias=False)
    )
  )
)
2023-06-27 20:20:30,935 - block_extractor.py[28] - INFO: save pruned block block-4 (sparsity 0.4) in results/legodnn/image_classification/resnet18_cifar100_0-125/compressed/block-4-4.pt
2023-06-27 20:20:30,936 - block_extractor.py[29] - DEBUG: LegoDNNBlock(
  (layer3): ModuleDict(
    (0): ModuleDict(
      (conv1): Conv2d(128, 154, kernel_size=(3, 3), stride=(2, 2), padding=(1, 1), bias=False)
      (bn1): BatchNorm2d(154, eps=1e-05, momentum=0.1, affine=True, track_running_stats=True)
      (relu1): ReLU()
      (conv2): Conv2d(154, 256, kernel_size=(3, 3), stride=(1, 1), padding=(1, 1), bias=False)
    )
  )
)
2023-06-27 20:20:31,170 - block_extractor.py[28] - INFO: save pruned block block-4 (sparsity 0.6) in results/legodnn/image_classification/resnet18_cifar100_0-125/compressed/block-4-6.pt
2023-06-27 20:20:31,171 - block_extractor.py[29] - DEBUG: LegoDNNBlock(
  (layer3): ModuleDict(
    (0): ModuleDict(
      (conv1): Conv2d(128, 103, kernel_size=(3, 3), stride=(2, 2), padding=(1, 1), bias=False)
      (bn1): BatchNorm2d(103, eps=1e-05, momentum=0.1, affine=True, track_running_stats=True)
      (relu1): ReLU()
      (conv2): Conv2d(103, 256, kernel_size=(3, 3), stride=(1, 1), padding=(1, 1), bias=False)
    )
  )
)
2023-06-27 20:20:31,403 - block_extractor.py[28] - INFO: save pruned block block-4 (sparsity 0.8) in results/legodnn/image_classification/resnet18_cifar100_0-125/compressed/block-4-8.pt
2023-06-27 20:20:31,404 - block_extractor.py[29] - DEBUG: LegoDNNBlock(
  (layer3): ModuleDict(
    (0): ModuleDict(
      (conv1): Conv2d(128, 52, kernel_size=(3, 3), stride=(2, 2), padding=(1, 1), bias=False)
      (bn1): BatchNorm2d(52, eps=1e-05, momentum=0.1, affine=True, track_running_stats=True)
      (relu1): ReLU()
      (conv2): Conv2d(52, 256, kernel_size=(3, 3), stride=(1, 1), padding=(1, 1), bias=False)
    )
  )
)
2023-06-27 20:20:31,450 - block_extractor.py[28] - INFO: save pruned block block-5 (sparsity 0.0) in results/legodnn/image_classification/resnet18_cifar100_0-125/compressed/block-5-0.pt
2023-06-27 20:20:31,450 - block_extractor.py[29] - DEBUG: LegoDNNBlock(
  (layer3): ModuleDict(
    (0): ModuleDict(
      (relu2): ReLU()
    )
    (1): ModuleDict(
      (conv1): Conv2d(256, 256, kernel_size=(3, 3), stride=(1, 1), padding=(1, 1), bias=False)
      (bn1): BatchNorm2d(256, eps=1e-05, momentum=0.1, affine=True, track_running_stats=True)
      (relu1): ReLU()
      (conv2): Conv2d(256, 256, kernel_size=(3, 3), stride=(1, 1), padding=(1, 1), bias=False)
      (bn2): BatchNorm2d(256, eps=1e-05, momentum=0.1, affine=True, track_running_stats=True)
    )
  )
)
2023-06-27 20:20:31,738 - block_extractor.py[28] - INFO: save pruned block block-5 (sparsity 0.2) in results/legodnn/image_classification/resnet18_cifar100_0-125/compressed/block-5-2.pt
2023-06-27 20:20:31,738 - block_extractor.py[29] - DEBUG: LegoDNNBlock(
  (layer3): ModuleDict(
    (0): ModuleDict(
      (relu2): ReLU()
    )
    (1): ModuleDict(
      (conv1): Conv2d(256, 205, kernel_size=(3, 3), stride=(1, 1), padding=(1, 1), bias=False)
      (bn1): BatchNorm2d(205, eps=1e-05, momentum=0.1, affine=True, track_running_stats=True)
      (relu1): ReLU()
      (conv2): Conv2d(205, 256, kernel_size=(3, 3), stride=(1, 1), padding=(1, 1), bias=False)
      (bn2): BatchNorm2d(256, eps=1e-05, momentum=0.1, affine=True, track_running_stats=True)
    )
  )
)
2023-06-27 20:20:32,025 - block_extractor.py[28] - INFO: save pruned block block-5 (sparsity 0.4) in results/legodnn/image_classification/resnet18_cifar100_0-125/compressed/block-5-4.pt
2023-06-27 20:20:32,025 - block_extractor.py[29] - DEBUG: LegoDNNBlock(
  (layer3): ModuleDict(
    (0): ModuleDict(
      (relu2): ReLU()
    )
    (1): ModuleDict(
      (conv1): Conv2d(256, 154, kernel_size=(3, 3), stride=(1, 1), padding=(1, 1), bias=False)
      (bn1): BatchNorm2d(154, eps=1e-05, momentum=0.1, affine=True, track_running_stats=True)
      (relu1): ReLU()
      (conv2): Conv2d(154, 256, kernel_size=(3, 3), stride=(1, 1), padding=(1, 1), bias=False)
      (bn2): BatchNorm2d(256, eps=1e-05, momentum=0.1, affine=True, track_running_stats=True)
    )
  )
)
2023-06-27 20:20:32,310 - block_extractor.py[28] - INFO: save pruned block block-5 (sparsity 0.6) in results/legodnn/image_classification/resnet18_cifar100_0-125/compressed/block-5-6.pt
2023-06-27 20:20:32,310 - block_extractor.py[29] - DEBUG: LegoDNNBlock(
  (layer3): ModuleDict(
    (0): ModuleDict(
      (relu2): ReLU()
    )
    (1): ModuleDict(
      (conv1): Conv2d(256, 103, kernel_size=(3, 3), stride=(1, 1), padding=(1, 1), bias=False)
      (bn1): BatchNorm2d(103, eps=1e-05, momentum=0.1, affine=True, track_running_stats=True)
      (relu1): ReLU()
      (conv2): Conv2d(103, 256, kernel_size=(3, 3), stride=(1, 1), padding=(1, 1), bias=False)
      (bn2): BatchNorm2d(256, eps=1e-05, momentum=0.1, affine=True, track_running_stats=True)
    )
  )
)
2023-06-27 20:20:32,600 - block_extractor.py[28] - INFO: save pruned block block-5 (sparsity 0.8) in results/legodnn/image_classification/resnet18_cifar100_0-125/compressed/block-5-8.pt
2023-06-27 20:20:32,600 - block_extractor.py[29] - DEBUG: LegoDNNBlock(
  (layer3): ModuleDict(
    (0): ModuleDict(
      (relu2): ReLU()
    )
    (1): ModuleDict(
      (conv1): Conv2d(256, 52, kernel_size=(3, 3), stride=(1, 1), padding=(1, 1), bias=False)
      (bn1): BatchNorm2d(52, eps=1e-05, momentum=0.1, affine=True, track_running_stats=True)
      (relu1): ReLU()
      (conv2): Conv2d(52, 256, kernel_size=(3, 3), stride=(1, 1), padding=(1, 1), bias=False)
      (bn2): BatchNorm2d(256, eps=1e-05, momentum=0.1, affine=True, track_running_stats=True)
    )
  )
)
2023-06-27 20:20:32,650 - block_extractor.py[28] - INFO: save pruned block block-6 (sparsity 0.0) in results/legodnn/image_classification/resnet18_cifar100_0-125/compressed/block-6-0.pt
2023-06-27 20:20:32,651 - block_extractor.py[29] - DEBUG: LegoDNNBlock(
  (layer4): ModuleDict(
    (0): ModuleDict(
      (conv1): Conv2d(256, 512, kernel_size=(3, 3), stride=(2, 2), padding=(1, 1), bias=False)
      (bn1): BatchNorm2d(512, eps=1e-05, momentum=0.1, affine=True, track_running_stats=True)
      (relu1): ReLU()
      (conv2): Conv2d(512, 512, kernel_size=(3, 3), stride=(1, 1), padding=(1, 1), bias=False)
    )
  )
)
2023-06-27 20:20:32,959 - block_extractor.py[28] - INFO: save pruned block block-6 (sparsity 0.2) in results/legodnn/image_classification/resnet18_cifar100_0-125/compressed/block-6-2.pt
2023-06-27 20:20:32,959 - block_extractor.py[29] - DEBUG: LegoDNNBlock(
  (layer4): ModuleDict(
    (0): ModuleDict(
      (conv1): Conv2d(256, 410, kernel_size=(3, 3), stride=(2, 2), padding=(1, 1), bias=False)
      (bn1): BatchNorm2d(410, eps=1e-05, momentum=0.1, affine=True, track_running_stats=True)
      (relu1): ReLU()
      (conv2): Conv2d(410, 512, kernel_size=(3, 3), stride=(1, 1), padding=(1, 1), bias=False)
    )
  )
)
2023-06-27 20:20:33,246 - block_extractor.py[28] - INFO: save pruned block block-6 (sparsity 0.4) in results/legodnn/image_classification/resnet18_cifar100_0-125/compressed/block-6-4.pt
2023-06-27 20:20:33,246 - block_extractor.py[29] - DEBUG: LegoDNNBlock(
  (layer4): ModuleDict(
    (0): ModuleDict(
      (conv1): Conv2d(256, 308, kernel_size=(3, 3), stride=(2, 2), padding=(1, 1), bias=False)
      (bn1): BatchNorm2d(308, eps=1e-05, momentum=0.1, affine=True, track_running_stats=True)
      (relu1): ReLU()
      (conv2): Conv2d(308, 512, kernel_size=(3, 3), stride=(1, 1), padding=(1, 1), bias=False)
    )
  )
)
2023-06-27 20:20:33,522 - block_extractor.py[28] - INFO: save pruned block block-6 (sparsity 0.6) in results/legodnn/image_classification/resnet18_cifar100_0-125/compressed/block-6-6.pt
2023-06-27 20:20:33,522 - block_extractor.py[29] - DEBUG: LegoDNNBlock(
  (layer4): ModuleDict(
    (0): ModuleDict(
      (conv1): Conv2d(256, 205, kernel_size=(3, 3), stride=(2, 2), padding=(1, 1), bias=False)
      (bn1): BatchNorm2d(205, eps=1e-05, momentum=0.1, affine=True, track_running_stats=True)
      (relu1): ReLU()
      (conv2): Conv2d(205, 512, kernel_size=(3, 3), stride=(1, 1), padding=(1, 1), bias=False)
    )
  )
)
2023-06-27 20:20:33,813 - block_extractor.py[28] - INFO: save pruned block block-6 (sparsity 0.8) in results/legodnn/image_classification/resnet18_cifar100_0-125/compressed/block-6-8.pt
2023-06-27 20:20:33,813 - block_extractor.py[29] - DEBUG: LegoDNNBlock(
  (layer4): ModuleDict(
    (0): ModuleDict(
      (conv1): Conv2d(256, 103, kernel_size=(3, 3), stride=(2, 2), padding=(1, 1), bias=False)
      (bn1): BatchNorm2d(103, eps=1e-05, momentum=0.1, affine=True, track_running_stats=True)
      (relu1): ReLU()
      (conv2): Conv2d(103, 512, kernel_size=(3, 3), stride=(1, 1), padding=(1, 1), bias=False)
    )
  )
)
2023-06-27 20:20:33,869 - block_extractor.py[28] - INFO: save pruned block block-7 (sparsity 0.0) in results/legodnn/image_classification/resnet18_cifar100_0-125/compressed/block-7-0.pt
2023-06-27 20:20:33,869 - block_extractor.py[29] - DEBUG: LegoDNNBlock(
  (layer4): ModuleDict(
    (0): ModuleDict(
      (relu2): ReLU()
    )
    (1): ModuleDict(
      (conv1): Conv2d(512, 512, kernel_size=(3, 3), stride=(1, 1), padding=(1, 1), bias=False)
      (bn1): BatchNorm2d(512, eps=1e-05, momentum=0.1, affine=True, track_running_stats=True)
      (relu1): ReLU()
      (conv2): Conv2d(512, 512, kernel_size=(3, 3), stride=(1, 1), padding=(1, 1), bias=False)
      (bn2): BatchNorm2d(512, eps=1e-05, momentum=0.1, affine=True, track_running_stats=True)
    )
  )
)
2023-06-27 20:20:34,255 - block_extractor.py[28] - INFO: save pruned block block-7 (sparsity 0.2) in results/legodnn/image_classification/resnet18_cifar100_0-125/compressed/block-7-2.pt
2023-06-27 20:20:34,255 - block_extractor.py[29] - DEBUG: LegoDNNBlock(
  (layer4): ModuleDict(
    (0): ModuleDict(
      (relu2): ReLU()
    )
    (1): ModuleDict(
      (conv1): Conv2d(512, 410, kernel_size=(3, 3), stride=(1, 1), padding=(1, 1), bias=False)
      (bn1): BatchNorm2d(410, eps=1e-05, momentum=0.1, affine=True, track_running_stats=True)
      (relu1): ReLU()
      (conv2): Conv2d(410, 512, kernel_size=(3, 3), stride=(1, 1), padding=(1, 1), bias=False)
      (bn2): BatchNorm2d(512, eps=1e-05, momentum=0.1, affine=True, track_running_stats=True)
    )
  )
)
2023-06-27 20:20:34,619 - block_extractor.py[28] - INFO: save pruned block block-7 (sparsity 0.4) in results/legodnn/image_classification/resnet18_cifar100_0-125/compressed/block-7-4.pt
2023-06-27 20:20:34,619 - block_extractor.py[29] - DEBUG: LegoDNNBlock(
  (layer4): ModuleDict(
    (0): ModuleDict(
      (relu2): ReLU()
    )
    (1): ModuleDict(
      (conv1): Conv2d(512, 308, kernel_size=(3, 3), stride=(1, 1), padding=(1, 1), bias=False)
      (bn1): BatchNorm2d(308, eps=1e-05, momentum=0.1, affine=True, track_running_stats=True)
      (relu1): ReLU()
      (conv2): Conv2d(308, 512, kernel_size=(3, 3), stride=(1, 1), padding=(1, 1), bias=False)
      (bn2): BatchNorm2d(512, eps=1e-05, momentum=0.1, affine=True, track_running_stats=True)
    )
  )
)
2023-06-27 20:20:35,003 - block_extractor.py[28] - INFO: save pruned block block-7 (sparsity 0.6) in results/legodnn/image_classification/resnet18_cifar100_0-125/compressed/block-7-6.pt
2023-06-27 20:20:35,004 - block_extractor.py[29] - DEBUG: LegoDNNBlock(
  (layer4): ModuleDict(
    (0): ModuleDict(
      (relu2): ReLU()
    )
    (1): ModuleDict(
      (conv1): Conv2d(512, 205, kernel_size=(3, 3), stride=(1, 1), padding=(1, 1), bias=False)
      (bn1): BatchNorm2d(205, eps=1e-05, momentum=0.1, affine=True, track_running_stats=True)
      (relu1): ReLU()
      (conv2): Conv2d(205, 512, kernel_size=(3, 3), stride=(1, 1), padding=(1, 1), bias=False)
      (bn2): BatchNorm2d(512, eps=1e-05, momentum=0.1, affine=True, track_running_stats=True)
    )
  )
)
2023-06-27 20:20:35,345 - block_extractor.py[28] - INFO: save pruned block block-7 (sparsity 0.8) in results/legodnn/image_classification/resnet18_cifar100_0-125/compressed/block-7-8.pt
2023-06-27 20:20:35,345 - block_extractor.py[29] - DEBUG: LegoDNNBlock(
  (layer4): ModuleDict(
    (0): ModuleDict(
      (relu2): ReLU()
    )
    (1): ModuleDict(
      (conv1): Conv2d(512, 103, kernel_size=(3, 3), stride=(1, 1), padding=(1, 1), bias=False)
      (bn1): BatchNorm2d(103, eps=1e-05, momentum=0.1, affine=True, track_running_stats=True)
      (relu1): ReLU()
      (conv2): Conv2d(103, 512, kernel_size=(3, 3), stride=(1, 1), padding=(1, 1), bias=False)
      (bn2): BatchNorm2d(512, eps=1e-05, momentum=0.1, affine=True, track_running_stats=True)
    )
  )
)
2023-06-27 20:25:05,192 - block_trainer.py[183] - INFO: start block training...
